<?xml version="1.0" encoding="UTF-8"?>
<!-- Generated by org.testng.reporters.JUnitReportReporter -->
<testsuite hostname="DESKTOP-MV5DNUU" failures="0" tests="1" name="test.WikipediaSearchTestNG_Demo" time="1.278" errors="0" timestamp="2021-04-25T14:13:12 MESZ" skipped="0">
  <testcase classname="test.WikipediaSearchTestNG_Demo" name="wikipediaSearch" time="1.278"/>
  <system-out/>
</testsuite> <!-- test.WikipediaSearchTestNG_Demo -->
