<?xml version="1.0" encoding="UTF-8"?>
<!-- Generated by org.testng.reporters.JUnitReportReporter -->
<testsuite hostname="DESKTOP-MV5DNUU" failures="0" tests="1" name="test.WikipediaSearchTestNG_Demo2" time="1.354" errors="0" timestamp="2021-04-19T22:44:40 MESZ" skipped="0">
  <testcase classname="test.WikipediaSearchTestNG_Demo2" name="wikipediaSearch3" time="1.354"/>
  <system-out/>
</testsuite> <!-- test.WikipediaSearchTestNG_Demo2 -->
